#
# There is insufficient memory for the Java Runtime Environment to continue.
# Native memory allocation (malloc) failed to allocate 1306416 bytes for Chunk::new
# Possible reasons:
#   The system is out of physical RAM or swap space
#   The process is running with CompressedOops enabled, and the Java Heap may be blocking the growth of the native heap
# Possible solutions:
#   Reduce memory load on the system
#   Increase physical memory or swap space
#   Check if swap backing store is full
#   Decrease Java heap size (-Xmx/-Xms)
#   Decrease number of Java threads
#   Decrease Java thread stack sizes (-Xss)
#   Set larger code cache with -XX:ReservedCodeCacheSize=
#   JVM is running with Unscaled Compressed Oops mode in which the Java heap is
#     placed in the first 4GB address space. The Java Heap base address is the
#     maximum limit for the native heap growth. Please use -XX:HeapBaseMinAddress
#     to set the Java Heap base and to place the Java Heap above 4GB virtual address.
# This output file may be truncated or incomplete.
#
#  Out of Memory Error (./src/hotspot/share/memory/arena.cpp:197), pid=20060, tid=10256
#
# JRE version: OpenJDK Runtime Environment (11.0.12+7) (build 11.0.12+7-b1504.28-7817840)
# Java VM: OpenJDK 64-Bit Server VM (11.0.12+7-b1504.28-7817840, mixed mode, tiered, compressed oops, g1 gc, windows-amd64)
# No core dump will be written. Minidumps are not enabled by default on client versions of Windows
#

---------------  S U M M A R Y ------------

Command Line: --add-opens=java.base/java.util=ALL-UNNAMED --add-opens=java.base/java.lang=ALL-UNNAMED --add-opens=java.base/java.lang.invoke=ALL-UNNAMED --add-opens=java.base/java.util=ALL-UNNAMED --add-opens=java.prefs/java.util.prefs=ALL-UNNAMED --add-opens=java.prefs/java.util.prefs=ALL-UNNAMED --add-opens=java.base/java.nio.charset=ALL-UNNAMED --add-opens=java.base/java.net=ALL-UNNAMED --add-opens=java.base/java.util.concurrent.atomic=ALL-UNNAMED -Xmx2048m -Dfile.encoding=UTF-8 -Duser.country=GB -Duser.language=en -Duser.variant org.gradle.launcher.daemon.bootstrap.GradleDaemon 7.3.3

Host: Intel(R) Core(TM) i7-6500U CPU @ 2.50GHz, 4 cores, 15G,  Windows 10 , 64 bit Build 19041 (10.0.19041.1889)
Time: Thu Sep  8 12:09:45 2022 GTB Summer Time elapsed time: 6.897655 seconds (0d 0h 0m 6s)

---------------  T H R E A D  ---------------

Current thread (0x000002e4bb1d5800):  JavaThread "C2 CompilerThread0" daemon [_thread_in_native, id=10256, stack(0x000000f8a4c00000,0x000000f8a4d00000)]


Current CompileTask:
C2:   6897 1935   !   4       java.lang.ClassLoader::loadClass (122 bytes)

Stack: [0x000000f8a4c00000,0x000000f8a4d00000]
Native frames: (J=compiled Java code, j=interpreted, Vv=VM code, C=native code)
V  [jvm.dll+0x5fbcea]
V  [jvm.dll+0x731905]
V  [jvm.dll+0x732f1d]
V  [jvm.dll+0x7335d3]
V  [jvm.dll+0x247bf8]
V  [jvm.dll+0xc018c]
V  [jvm.dll+0xc06cc]
V  [jvm.dll+0x35b2db]
V  [jvm.dll+0x328803]
V  [jvm.dll+0x327cfa]
V  [jvm.dll+0x200602]
V  [jvm.dll+0x1ff794]
V  [jvm.dll+0x18868c]
V  [jvm.dll+0x20e0d7]
V  [jvm.dll+0x20c901]
V  [jvm.dll+0x6f9b7f]
V  [jvm.dll+0x6f26a5]
V  [jvm.dll+0x5fabf6]
C  [ucrtbase.dll+0x21bb2]
C  [KERNEL32.DLL+0x17034]
C  [ntdll.dll+0x52651]


---------------  P R O C E S S  ---------------

Threads class SMR info:
_java_thread_list=0x000002e4bb48b890, length=23, elements={
0x000002e4a0d0c000, 0x000002e4bb16e000, 0x000002e4bb171000, 0x000002e4bb1cf000,
0x000002e4bb1d0000, 0x000002e4bb1d1000, 0x000002e4bb1d5800, 0x000002e4bb1d6800,
0x000002e4bb224800, 0x000002e4bb333800, 0x000002e4bc811800, 0x000002e4bc103800,
0x000002e4bc2c3000, 0x000002e4bd2a9800, 0x000002e4bc864000, 0x000002e4bc9ed800,
0x000002e4bc762800, 0x000002e4bcc62000, 0x000002e4bcd13800, 0x000002e4bd2e3000,
0x000002e4bd2e2800, 0x000002e4bd2e4000, 0x000002e4bd2df000
}

Java Threads: ( => current thread )
  0x000002e4a0d0c000 JavaThread "main" [_thread_blocked, id=15528, stack(0x000000f8a4000000,0x000000f8a4100000)]
  0x000002e4bb16e000 JavaThread "Reference Handler" daemon [_thread_blocked, id=11872, stack(0x000000f8a4700000,0x000000f8a4800000)]
  0x000002e4bb171000 JavaThread "Finalizer" daemon [_thread_blocked, id=10592, stack(0x000000f8a4800000,0x000000f8a4900000)]
  0x000002e4bb1cf000 JavaThread "Signal Dispatcher" daemon [_thread_blocked, id=21228, stack(0x000000f8a4900000,0x000000f8a4a00000)]
  0x000002e4bb1d0000 JavaThread "Attach Listener" daemon [_thread_blocked, id=18876, stack(0x000000f8a4a00000,0x000000f8a4b00000)]
  0x000002e4bb1d1000 JavaThread "Service Thread" daemon [_thread_blocked, id=14960, stack(0x000000f8a4b00000,0x000000f8a4c00000)]
=>0x000002e4bb1d5800 JavaThread "C2 CompilerThread0" daemon [_thread_in_native, id=10256, stack(0x000000f8a4c00000,0x000000f8a4d00000)]
  0x000002e4bb1d6800 JavaThread "C1 CompilerThread0" daemon [_thread_blocked, id=19672, stack(0x000000f8a4d00000,0x000000f8a4e00000)]
  0x000002e4bb224800 JavaThread "Sweeper thread" daemon [_thread_blocked, id=20324, stack(0x000000f8a4e00000,0x000000f8a4f00000)]
  0x000002e4bb333800 JavaThread "Common-Cleaner" daemon [_thread_blocked, id=3136, stack(0x000000f8a4f00000,0x000000f8a5000000)]
  0x000002e4bc811800 JavaThread "Daemon health stats" [_thread_blocked, id=14224, stack(0x000000f8a5400000,0x000000f8a5500000)]
  0x000002e4bc103800 JavaThread "Incoming local TCP Connector on port 50894" [_thread_in_native, id=17604, stack(0x000000f8a5500000,0x000000f8a5600000)]
  0x000002e4bc2c3000 JavaThread "Daemon periodic checks" [_thread_blocked, id=18932, stack(0x000000f8a5600000,0x000000f8a5700000)]
  0x000002e4bd2a9800 JavaThread "Daemon" [_thread_blocked, id=20564, stack(0x000000f8a5700000,0x000000f8a5800000)]
  0x000002e4bc864000 JavaThread "Handler for socket connection from /127.0.0.1:50894 to /127.0.0.1:50895" [_thread_in_native, id=13080, stack(0x000000f8a5800000,0x000000f8a5900000)]
  0x000002e4bc9ed800 JavaThread "Cancel handler" [_thread_blocked, id=16436, stack(0x000000f8a5900000,0x000000f8a5a00000)]
  0x000002e4bc762800 JavaThread "Daemon worker" [_thread_in_native, id=20764, stack(0x000000f8a5a00000,0x000000f8a5b00000)]
  0x000002e4bcc62000 JavaThread "Asynchronous log dispatcher for DefaultDaemonConnection: socket connection from /127.0.0.1:50894 to /127.0.0.1:50895" [_thread_blocked, id=10476, stack(0x000000f8a5b00000,0x000000f8a5c00000)]
  0x000002e4bcd13800 JavaThread "Stdin handler" [_thread_blocked, id=14976, stack(0x000000f8a5c00000,0x000000f8a5d00000)]
  0x000002e4bd2e3000 JavaThread "Daemon client event forwarder" [_thread_blocked, id=14608, stack(0x000000f8a5d00000,0x000000f8a5e00000)]
  0x000002e4bd2e2800 JavaThread "Cache worker for journal cache (C:\Users\Mohamed\.gradle\caches\journal-1)" [_thread_blocked, id=18464, stack(0x000000f8a5e00000,0x000000f8a5f00000)]
  0x000002e4bd2e4000 JavaThread "File lock request listener" [_thread_in_native, id=10524, stack(0x000000f8a5f00000,0x000000f8a6000000)]
  0x000002e4bd2df000 JavaThread "Cache worker for file hash cache (C:\Users\Mohamed\.gradle\caches\7.3.3\fileHashes)" [_thread_blocked, id=7548, stack(0x000000f8a6000000,0x000000f8a6100000)]

Other Threads:
  0x000002e4bb16b800 VMThread "VM Thread" [stack: 0x000000f8a4600000,0x000000f8a4700000] [id=14380]
  0x000002e4bb370800 WatcherThread [stack: 0x000000f8a5000000,0x000000f8a5100000] [id=10404]
  0x000002e4a0d24800 GCTaskThread "GC Thread#0" [stack: 0x000000f8a4100000,0x000000f8a4200000] [id=16664]
  0x000002e4bb7e3000 GCTaskThread "GC Thread#1" [stack: 0x000000f8a5100000,0x000000f8a5200000] [id=1972]
  0x000002e4bbbe9000 GCTaskThread "GC Thread#2" [stack: 0x000000f8a5200000,0x000000f8a5300000] [id=21224]
  0x000002e4bbbe9800 GCTaskThread "GC Thread#3" [stack: 0x000000f8a5300000,0x000000f8a5400000] [id=17844]
  0x000002e4a0d54800 ConcurrentGCThread "G1 Main Marker" [stack: 0x000000f8a4200000,0x000000f8a4300000] [id=20976]
  0x000002e4a0d55800 ConcurrentGCThread "G1 Conc#0" [stack: 0x000000f8a4300000,0x000000f8a4400000] [id=4944]
  0x000002e4a0dde000 ConcurrentGCThread "G1 Refine#0" [stack: 0x000000f8a4400000,0x000000f8a4500000] [id=10924]
  0x000002e4ba7b4800 ConcurrentGCThread "G1 Young RemSet Sampling" [stack: 0x000000f8a4500000,0x000000f8a4600000] [id=20408]

Threads with active compile tasks:
C2 CompilerThread0   6959 1935   !   4       java.lang.ClassLoader::loadClass (122 bytes)

VM state:not at safepoint (normal execution)

VM Mutex/Monitor currently owned by a thread: None

Heap address: 0x0000000080000000, size: 2048 MB, Compressed Oops mode: 32-bit
Narrow klass base: 0x0000000000000000, Narrow klass shift: 3
Compressed class space size: 1073741824 Address: 0x0000000100000000

Heap:
 garbage-first heap   total 260096K, used 22496K [0x0000000080000000, 0x0000000100000000)
  region size 1024K, 11 young (11264K), 5 survivors (5120K)
 Metaspace       used 21513K, capacity 21978K, committed 22144K, reserved 1069056K
  class space    used 2682K, capacity 2867K, committed 2944K, reserved 1048576K
Heap Regions: E=young(eden), S=young(survivor), O=old, HS=humongous(starts), HC=humongous(continues), CS=collection set, F=free, A=archive, TAMS=top-at-mark-start (previous, next)
|   0|0x0000000080000000, 0x0000000080100000, 0x0000000080100000|100%| O|  |TAMS 0x0000000080100000, 0x0000000080000000| Untracked 
|   1|0x0000000080100000, 0x0000000080200000, 0x0000000080200000|100%| O|  |TAMS 0x0000000080200000, 0x0000000080100000| Untracked 
|   2|0x0000000080200000, 0x0000000080300000, 0x0000000080300000|100%| O|  |TAMS 0x0000000080300000, 0x0000000080200000| Untracked 
|   3|0x0000000080300000, 0x0000000080400000, 0x0000000080400000|100%|HS|  |TAMS 0x0000000080400000, 0x0000000080300000| Complete 
|   4|0x0000000080400000, 0x0000000080500000, 0x0000000080500000|100%|HC|  |TAMS 0x0000000080500000, 0x0000000080400000| Complete 
|   5|0x0000000080500000, 0x0000000080600000, 0x0000000080600000|100%|HC|  |TAMS 0x0000000080600000, 0x0000000080500000| Complete 
|   6|0x0000000080600000, 0x0000000080700000, 0x0000000080700000|100%| O|  |TAMS 0x0000000080700000, 0x0000000080600000| Untracked 
|   7|0x0000000080700000, 0x0000000080800000, 0x0000000080800000|100%| O|  |TAMS 0x0000000080800000, 0x0000000080700000| Untracked 
|   8|0x0000000080800000, 0x0000000080900000, 0x0000000080900000|100%| O|  |TAMS 0x0000000080900000, 0x0000000080800000| Untracked 
|   9|0x0000000080900000, 0x0000000080a00000, 0x0000000080a00000|100%| O|  |TAMS 0x0000000080a00000, 0x0000000080900000| Untracked 
|  10|0x0000000080a00000, 0x0000000080b00000, 0x0000000080b00000|100%| O|  |TAMS 0x0000000080b00000, 0x0000000080a00000| Untracked 
|  11|0x0000000080b00000, 0x0000000080c00000, 0x0000000080c00000|100%| O|  |TAMS 0x0000000080c00000, 0x0000000080b00000| Untracked 
|  12|0x0000000080c00000, 0x0000000080c68e00, 0x0000000080d00000| 40%| O|  |TAMS 0x0000000080c68e00, 0x0000000080c00000| Untracked 
|  13|0x0000000080d00000, 0x0000000080d00000, 0x0000000080e00000|  0%| F|  |TAMS 0x0000000080d00000, 0x0000000080d00000| Untracked 
|  14|0x0000000080e00000, 0x0000000080e00000, 0x0000000080f00000|  0%| F|  |TAMS 0x0000000080e00000, 0x0000000080e00000| Untracked 
|  15|0x0000000080f00000, 0x0000000080f00000, 0x0000000081000000|  0%| F|  |TAMS 0x0000000080f00000, 0x0000000080f00000| Untracked 
|  16|0x0000000081000000, 0x0000000081000000, 0x0000000081100000|  0%| F|  |TAMS 0x0000000081000000, 0x0000000081000000| Untracked 
|  17|0x0000000081100000, 0x0000000081100000, 0x0000000081200000|  0%| F|  |TAMS 0x0000000081100000, 0x0000000081100000| Untracked 
|  18|0x0000000081200000, 0x0000000081200000, 0x0000000081300000|  0%| F|  |TAMS 0x0000000081200000, 0x0000000081200000| Untracked 
|  19|0x0000000081300000, 0x0000000081300000, 0x0000000081400000|  0%| F|  |TAMS 0x0000000081300000, 0x0000000081300000| Untracked 
|  20|0x0000000081400000, 0x0000000081400000, 0x0000000081500000|  0%| F|  |TAMS 0x0000000081400000, 0x0000000081400000| Untracked 
|  21|0x0000000081500000, 0x0000000081500000, 0x0000000081600000|  0%| F|  |TAMS 0x0000000081500000, 0x0000000081500000| Untracked 
|  22|0x0000000081600000, 0x0000000081600000, 0x0000000081700000|  0%| F|  |TAMS 0x0000000081600000, 0x0000000081600000| Untracked 
|  23|0x0000000081700000, 0x0000000081700000, 0x0000000081800000|  0%| F|  |TAMS 0x0000000081700000, 0x0000000081700000| Untracked 
|  24|0x0000000081800000, 0x0000000081800000, 0x0000000081900000|  0%| F|  |TAMS 0x0000000081800000, 0x0000000081800000| Untracked 
|  25|0x0000000081900000, 0x0000000081900000, 0x0000000081a00000|  0%| F|  |TAMS 0x0000000081900000, 0x0000000081900000| Untracked 
|  26|0x0000000081a00000, 0x0000000081a00000, 0x0000000081b00000|  0%| F|  |TAMS 0x0000000081a00000, 0x0000000081a00000| Untracked 
|  27|0x0000000081b00000, 0x0000000081b00000, 0x0000000081c00000|  0%| F|  |TAMS 0x0000000081b00000, 0x0000000081b00000| Untracked 
|  28|0x0000000081c00000, 0x0000000081c00000, 0x0000000081d00000|  0%| F|  |TAMS 0x0000000081c00000, 0x0000000081c00000| Untracked 
|  29|0x0000000081d00000, 0x0000000081d00000, 0x0000000081e00000|  0%| F|  |TAMS 0x0000000081d00000, 0x0000000081d00000| Untracked 
|  30|0x0000000081e00000, 0x0000000081e00000, 0x0000000081f00000|  0%| F|  |TAMS 0x0000000081e00000, 0x0000000081e00000| Untracked 
|  31|0x0000000081f00000, 0x0000000081f00000, 0x0000000082000000|  0%| F|  |TAMS 0x0000000081f00000, 0x0000000081f00000| Untracked 
|  32|0x0000000082000000, 0x0000000082000000, 0x0000000082100000|  0%| F|  |TAMS 0x0000000082000000, 0x0000000082000000| Untracked 
|  33|0x0000000082100000, 0x0000000082100000, 0x0000000082200000|  0%| F|  |TAMS 0x0000000082100000, 0x0000000082100000| Untracked 
|  34|0x0000000082200000, 0x0000000082200000, 0x0000000082300000|  0%| F|  |TAMS 0x0000000082200000, 0x0000000082200000| Untracked 
|  35|0x0000000082300000, 0x0000000082300000, 0x0000000082400000|  0%| F|  |TAMS 0x0000000082300000, 0x0000000082300000| Untracked 
|  36|0x0000000082400000, 0x0000000082400000, 0x0000000082500000|  0%| F|  |TAMS 0x0000000082400000, 0x0000000082400000| Untracked 
|  37|0x0000000082500000, 0x0000000082500000, 0x0000000082600000|  0%| F|  |TAMS 0x0000000082500000, 0x0000000082500000| Untracked 
|  38|0x0000000082600000, 0x0000000082600000, 0x0000000082700000|  0%| F|  |TAMS 0x0000000082600000, 0x0000000082600000| Untracked 
|  39|0x0000000082700000, 0x0000000082700000, 0x0000000082800000|  0%| F|  |TAMS 0x0000000082700000, 0x0000000082700000| Untracked 
|  40|0x0000000082800000, 0x0000000082800000, 0x0000000082900000|  0%| F|  |TAMS 0x0000000082800000, 0x0000000082800000| Untracked 
|  41|0x0000000082900000, 0x0000000082900000, 0x0000000082a00000|  0%| F|  |TAMS 0x0000000082900000, 0x0000000082900000| Untracked 
|  42|0x0000000082a00000, 0x0000000082a00000, 0x0000000082b00000|  0%| F|  |TAMS 0x0000000082a00000, 0x0000000082a00000| Untracked 
|  43|0x0000000082b00000, 0x0000000082b00000, 0x0000000082c00000|  0%| F|  |TAMS 0x0000000082b00000, 0x0000000082b00000| Untracked 
|  44|0x0000000082c00000, 0x0000000082c00000, 0x0000000082d00000|  0%| F|  |TAMS 0x0000000082c00000, 0x0000000082c00000| Untracked 
|  45|0x0000000082d00000, 0x0000000082d00000, 0x0000000082e00000|  0%| F|  |TAMS 0x0000000082d00000, 0x0000000082d00000| Untracked 
|  46|0x0000000082e00000, 0x0000000082e00000, 0x0000000082f00000|  0%| F|  |TAMS 0x0000000082e00000, 0x0000000082e00000| Untracked 
|  47|0x0000000082f00000, 0x0000000082f00000, 0x0000000083000000|  0%| F|  |TAMS 0x0000000082f00000, 0x0000000082f00000| Untracked 
|  48|0x0000000083000000, 0x0000000083000000, 0x0000000083100000|  0%| F|  |TAMS 0x0000000083000000, 0x0000000083000000| Untracked 
|  49|0x0000000083100000, 0x0000000083100000, 0x0000000083200000|  0%| F|  |TAMS 0x0000000083100000, 0x0000000083100000| Untracked 
|  50|0x0000000083200000, 0x0000000083200000, 0x0000000083300000|  0%| F|  |TAMS 0x0000000083200000, 0x0000000083200000| Untracked 
|  51|0x0000000083300000, 0x0000000083300000, 0x0000000083400000|  0%| F|  |TAMS 0x0000000083300000, 0x0000000083300000| Untracked 
|  52|0x0000000083400000, 0x0000000083400000, 0x0000000083500000|  0%| F|  |TAMS 0x0000000083400000, 0x0000000083400000| Untracked 
|  53|0x0000000083500000, 0x0000000083500000, 0x0000000083600000|  0%| F|  |TAMS 0x0000000083500000, 0x0000000083500000| Untracked 
|  54|0x0000000083600000, 0x0000000083600000, 0x0000000083700000|  0%| F|  |TAMS 0x0000000083600000, 0x0000000083600000| Untracked 
|  55|0x0000000083700000, 0x0000000083700000, 0x0000000083800000|  0%| F|  |TAMS 0x0000000083700000, 0x0000000083700000| Untracked 
|  56|0x0000000083800000, 0x0000000083800000, 0x0000000083900000|  0%| F|  |TAMS 0x0000000083800000, 0x0000000083800000| Untracked 
|  57|0x0000000083900000, 0x0000000083900000, 0x0000000083a00000|  0%| F|  |TAMS 0x0000000083900000, 0x0000000083900000| Untracked 
|  58|0x0000000083a00000, 0x0000000083a00000, 0x0000000083b00000|  0%| F|  |TAMS 0x0000000083a00000, 0x0000000083a00000| Untracked 
|  59|0x0000000083b00000, 0x0000000083b00000, 0x0000000083c00000|  0%| F|  |TAMS 0x0000000083b00000, 0x0000000083b00000| Untracked 
|  60|0x0000000083c00000, 0x0000000083c00000, 0x0000000083d00000|  0%| F|  |TAMS 0x0000000083c00000, 0x0000000083c00000| Untracked 
|  61|0x0000000083d00000, 0x0000000083d00000, 0x0000000083e00000|  0%| F|  |TAMS 0x0000000083d00000, 0x0000000083d00000| Untracked 
|  62|0x0000000083e00000, 0x0000000083e00000, 0x0000000083f00000|  0%| F|  |TAMS 0x0000000083e00000, 0x0000000083e00000| Untracked 
|  63|0x0000000083f00000, 0x0000000083f00000, 0x0000000084000000|  0%| F|  |TAMS 0x0000000083f00000, 0x0000000083f00000| Untracked 
|  64|0x0000000084000000, 0x0000000084000000, 0x0000000084100000|  0%| F|  |TAMS 0x0000000084000000, 0x0000000084000000| Untracked 
|  65|0x0000000084100000, 0x0000000084100000, 0x0000000084200000|  0%| F|  |TAMS 0x0000000084100000, 0x0000000084100000| Untracked 
|  66|0x0000000084200000, 0x0000000084200000, 0x0000000084300000|  0%| F|  |TAMS 0x0000000084200000, 0x0000000084200000| Untracked 
|  67|0x0000000084300000, 0x0000000084300000, 0x0000000084400000|  0%| F|  |TAMS 0x0000000084300000, 0x0000000084300000| Untracked 
|  68|0x0000000084400000, 0x0000000084400000, 0x0000000084500000|  0%| F|  |TAMS 0x0000000084400000, 0x0000000084400000| Untracked 
|  69|0x0000000084500000, 0x0000000084500000, 0x0000000084600000|  0%| F|  |TAMS 0x0000000084500000, 0x0000000084500000| Untracked 
|  70|0x0000000084600000, 0x0000000084600000, 0x0000000084700000|  0%| F|  |TAMS 0x0000000084600000, 0x0000000084600000| Untracked 
|  71|0x0000000084700000, 0x0000000084700000, 0x0000000084800000|  0%| F|  |TAMS 0x0000000084700000, 0x0000000084700000| Untracked 
|  72|0x0000000084800000, 0x0000000084800000, 0x0000000084900000|  0%| F|  |TAMS 0x0000000084800000, 0x0000000084800000| Untracked 
|  73|0x0000000084900000, 0x0000000084900000, 0x0000000084a00000|  0%| F|  |TAMS 0x0000000084900000, 0x0000000084900000| Untracked 
|  74|0x0000000084a00000, 0x0000000084a00000, 0x0000000084b00000|  0%| F|  |TAMS 0x0000000084a00000, 0x0000000084a00000| Untracked 
|  75|0x0000000084b00000, 0x0000000084b00000, 0x0000000084c00000|  0%| F|  |TAMS 0x0000000084b00000, 0x0000000084b00000| Untracked 
|  76|0x0000000084c00000, 0x0000000084c00000, 0x0000000084d00000|  0%| F|  |TAMS 0x0000000084c00000, 0x0000000084c00000| Untracked 
|  77|0x0000000084d00000, 0x0000000084d00000, 0x0000000084e00000|  0%| F|  |TAMS 0x0000000084d00000, 0x0000000084d00000| Untracked 
|  78|0x0000000084e00000, 0x0000000084e00000, 0x0000000084f00000|  0%| F|  |TAMS 0x0000000084e00000, 0x0000000084e00000| Untracked 
|  79|0x0000000084f00000, 0x0000000084f00000, 0x0000000085000000|  0%| F|  |TAMS 0x0000000084f00000, 0x0000000084f00000| Untracked 
|  80|0x0000000085000000, 0x0000000085000000, 0x0000000085100000|  0%| F|  |TAMS 0x0000000085000000, 0x0000000085000000| Untracked 
|  81|0x0000000085100000, 0x0000000085100000, 0x0000000085200000|  0%| F|  |TAMS 0x0000000085100000, 0x0000000085100000| Untracked 
|  82|0x0000000085200000, 0x0000000085200000, 0x0000000085300000|  0%| F|  |TAMS 0x0000000085200000, 0x0000000085200000| Untracked 
|  83|0x0000000085300000, 0x0000000085300000, 0x0000000085400000|  0%| F|  |TAMS 0x0000000085300000, 0x0000000085300000| Untracked 
|  84|0x0000000085400000, 0x0000000085400000, 0x0000000085500000|  0%| F|  |TAMS 0x0000000085400000, 0x0000000085400000| Untracked 
|  85|0x0000000085500000, 0x0000000085500000, 0x0000000085600000|  0%| F|  |TAMS 0x0000000085500000, 0x0000000085500000| Untracked 
|  86|0x0000000085600000, 0x0000000085600000, 0x0000000085700000|  0%| F|  |TAMS 0x0000000085600000, 0x0000000085600000| Untracked 
|  87|0x0000000085700000, 0x0000000085700000, 0x0000000085800000|  0%| F|  |TAMS 0x0000000085700000, 0x0000000085700000| Untracked 
|  88|0x0000000085800000, 0x0000000085800000, 0x0000000085900000|  0%| F|  |TAMS 0x0000000085800000, 0x0000000085800000| Untracked 
|  89|0x0000000085900000, 0x0000000085900000, 0x0000000085a00000|  0%| F|  |TAMS 0x0000000085900000, 0x0000000085900000| Untracked 
|  90|0x0000000085a00000, 0x0000000085a00000, 0x0000000085b00000|  0%| F|  |TAMS 0x0000000085a00000, 0x0000000085a00000| Untracked 
|  91|0x0000000085b00000, 0x0000000085b00000, 0x0000000085c00000|  0%| F|  |TAMS 0x0000000085b00000, 0x0000000085b00000| Untracked 
|  92|0x0000000085c00000, 0x0000000085c00000, 0x0000000085d00000|  0%| F|  |TAMS 0x0000000085c00000, 0x0000000085c00000| Untracked 
|  93|0x0000000085d00000, 0x0000000085d00000, 0x0000000085e00000|  0%| F|  |TAMS 0x0000000085d00000, 0x0000000085d00000| Untracked 
|  94|0x0000000085e00000, 0x0000000085e00000, 0x0000000085f00000|  0%| F|  |TAMS 0x0000000085e00000, 0x0000000085e00000| Untracked 
|  95|0x0000000085f00000, 0x0000000085f00000, 0x0000000086000000|  0%| F|  |TAMS 0x0000000085f00000, 0x0000000085f00000| Untracked 
|  96|0x0000000086000000, 0x0000000086000000, 0x0000000086100000|  0%| F|  |TAMS 0x0000000086000000, 0x0000000086000000| Untracked 
|  97|0x0000000086100000, 0x0000000086100000, 0x0000000086200000|  0%| F|  |TAMS 0x0000000086100000, 0x0000000086100000| Untracked 
|  98|0x0000000086200000, 0x0000000086200000, 0x0000000086300000|  0%| F|  |TAMS 0x0000000086200000, 0x0000000086200000| Untracked 
|  99|0x0000000086300000, 0x0000000086300000, 0x0000000086400000|  0%| F|  |TAMS 0x0000000086300000, 0x0000000086300000| Untracked 
| 100|0x0000000086400000, 0x0000000086400000, 0x0000000086500000|  0%| F|  |TAMS 0x0000000086400000, 0x0000000086400000| Untracked 
| 101|0x0000000086500000, 0x0000000086500000, 0x0000000086600000|  0%| F|  |TAMS 0x0000000086500000, 0x0000000086500000| Untracked 
| 102|0x0000000086600000, 0x0000000086600000, 0x0000000086700000|  0%| F|  |TAMS 0x0000000086600000, 0x0000000086600000| Untracked 
| 103|0x0000000086700000, 0x0000000086700000, 0x0000000086800000|  0%| F|  |TAMS 0x0000000086700000, 0x0000000086700000| Untracked 
| 104|0x0000000086800000, 0x0000000086800000, 0x0000000086900000|  0%| F|  |TAMS 0x0000000086800000, 0x0000000086800000| Untracked 
| 105|0x0000000086900000, 0x0000000086900000, 0x0000000086a00000|  0%| F|  |TAMS 0x0000000086900000, 0x0000000086900000| Untracked 
| 106|0x0000000086a00000, 0x0000000086a00000, 0x0000000086b00000|  0%| F|  |TAMS 0x0000000086a00000, 0x0000000086a00000| Untracked 
| 107|0x0000000086b00000, 0x0000000086b00000, 0x0000000086c00000|  0%| F|  |TAMS 0x0000000086b00000, 0x0000000086b00000| Untracked 
| 108|0x0000000086c00000, 0x0000000086c00000, 0x0000000086d00000|  0%| F|  |TAMS 0x0000000086c00000, 0x0000000086c00000| Untracked 
| 109|0x0000000086d00000, 0x0000000086d00000, 0x0000000086e00000|  0%| F|  |TAMS 0x0000000086d00000, 0x0000000086d00000| Untracked 
| 110|0x0000000086e00000, 0x0000000086e00000, 0x0000000086f00000|  0%| F|  |TAMS 0x0000000086e00000, 0x0000000086e00000| Untracked 
| 111|0x0000000086f00000, 0x0000000086f00000, 0x0000000087000000|  0%| F|  |TAMS 0x0000000086f00000, 0x0000000086f00000| Untracked 
| 112|0x0000000087000000, 0x0000000087000000, 0x0000000087100000|  0%| F|  |TAMS 0x0000000087000000, 0x0000000087000000| Untracked 
| 113|0x0000000087100000, 0x0000000087100000, 0x0000000087200000|  0%| F|  |TAMS 0x0000000087100000, 0x0000000087100000| Untracked 
| 114|0x0000000087200000, 0x0000000087200000, 0x0000000087300000|  0%| F|  |TAMS 0x0000000087200000, 0x0000000087200000| Untracked 
| 115|0x0000000087300000, 0x0000000087300000, 0x0000000087400000|  0%| F|  |TAMS 0x0000000087300000, 0x0000000087300000| Untracked 
| 116|0x0000000087400000, 0x0000000087400000, 0x0000000087500000|  0%| F|  |TAMS 0x0000000087400000, 0x0000000087400000| Untracked 
| 117|0x0000000087500000, 0x0000000087500000, 0x0000000087600000|  0%| F|  |TAMS 0x0000000087500000, 0x0000000087500000| Untracked 
| 118|0x0000000087600000, 0x0000000087600000, 0x0000000087700000|  0%| F|  |TAMS 0x0000000087600000, 0x0000000087600000| Untracked 
| 119|0x0000000087700000, 0x0000000087700000, 0x0000000087800000|  0%| F|  |TAMS 0x0000000087700000, 0x0000000087700000| Untracked 
| 120|0x0000000087800000, 0x0000000087800000, 0x0000000087900000|  0%| F|  |TAMS 0x0000000087800000, 0x0000000087800000| Untracked 
| 121|0x0000000087900000, 0x0000000087900000, 0x0000000087a00000|  0%| F|  |TAMS 0x0000000087900000, 0x0000000087900000| Untracked 
| 122|0x0000000087a00000, 0x0000000087a00000, 0x0000000087b00000|  0%| F|  |TAMS 0x0000000087a00000, 0x0000000087a00000| Untracked 
| 123|0x0000000087b00000, 0x0000000087b00000, 0x0000000087c00000|  0%| F|  |TAMS 0x0000000087b00000, 0x0000000087b00000| Untracked 
| 124|0x0000000087c00000, 0x0000000087c00000, 0x0000000087d00000|  0%| F|  |TAMS 0x0000000087c00000, 0x0000000087c00000| Untracked 
| 125|0x0000000087d00000, 0x0000000087d00000, 0x0000000087e00000|  0%| F|  |TAMS 0x0000000087d00000, 0x0000000087d00000| Untracked 
| 126|0x0000000087e00000, 0x0000000087e00000, 0x0000000087f00000|  0%| F|  |TAMS 0x0000000087e00000, 0x0000000087e00000| Untracked 
| 127|0x0000000087f00000, 0x0000000087f00000, 0x0000000088000000|  0%| F|  |TAMS 0x0000000087f00000, 0x0000000087f00000| Untracked 
| 128|0x0000000088000000, 0x0000000088000000, 0x0000000088100000|  0%| F|  |TAMS 0x0000000088000000, 0x0000000088000000| Untracked 
| 129|0x0000000088100000, 0x0000000088100000, 0x0000000088200000|  0%| F|  |TAMS 0x0000000088100000, 0x0000000088100000| Untracked 
| 130|0x0000000088200000, 0x0000000088200000, 0x0000000088300000|  0%| F|  |TAMS 0x0000000088200000, 0x0000000088200000| Untracked 
| 131|0x0000000088300000, 0x0000000088300000, 0x0000000088400000|  0%| F|  |TAMS 0x0000000088300000, 0x0000000088300000| Untracked 
| 132|0x0000000088400000, 0x0000000088400000, 0x0000000088500000|  0%| F|  |TAMS 0x0000000088400000, 0x0000000088400000| Untracked 
| 133|0x0000000088500000, 0x0000000088500000, 0x0000000088600000|  0%| F|  |TAMS 0x0000000088500000, 0x0000000088500000| Untracked 
| 134|0x0000000088600000, 0x0000000088600000, 0x0000000088700000|  0%| F|  |TAMS 0x0000000088600000, 0x0000000088600000| Untracked 
| 135|0x0000000088700000, 0x0000000088700000, 0x0000000088800000|  0%| F|  |TAMS 0x0000000088700000, 0x0000000088700000| Untracked 
| 136|0x0000000088800000, 0x0000000088800000, 0x0000000088900000|  0%| F|  |TAMS 0x0000000088800000, 0x0000000088800000| Untracked 
| 137|0x0000000088900000, 0x0000000088900000, 0x0000000088a00000|  0%| F|  |TAMS 0x0000000088900000, 0x0000000088900000| Untracked 
| 138|0x0000000088a00000, 0x0000000088a00000, 0x0000000088b00000|  0%| F|  |TAMS 0x0000000088a00000, 0x0000000088a00000| Untracked 
| 139|0x0000000088b00000, 0x0000000088b00000, 0x0000000088c00000|  0%| F|  |TAMS 0x0000000088b00000, 0x0000000088b00000| Untracked 
| 140|0x0000000088c00000, 0x0000000088c00000, 0x0000000088d00000|  0%| F|  |TAMS 0x0000000088c00000, 0x0000000088c00000| Untracked 
| 141|0x0000000088d00000, 0x0000000088d00000, 0x0000000088e00000|  0%| F|  |TAMS 0x0000000088d00000, 0x0000000088d00000| Untracked 
| 142|0x0000000088e00000, 0x0000000088e00000, 0x0000000088f00000|  0%| F|  |TAMS 0x0000000088e00000, 0x0000000088e00000| Untracked 
| 143|0x0000000088f00000, 0x0000000088f00000, 0x0000000089000000|  0%| F|  |TAMS 0x0000000088f00000, 0x0000000088f00000| Untracked 
| 144|0x0000000089000000, 0x0000000089000000, 0x0000000089100000|  0%| F|  |TAMS 0x0000000089000000, 0x0000000089000000| Untracked 
| 145|0x0000000089100000, 0x0000000089100000, 0x0000000089200000|  0%| F|  |TAMS 0x0000000089100000, 0x0000000089100000| Untracked 
| 146|0x0000000089200000, 0x0000000089200000, 0x0000000089300000|  0%| F|  |TAMS 0x0000000089200000, 0x0000000089200000| Untracked 
| 147|0x0000000089300000, 0x0000000089300000, 0x0000000089400000|  0%| F|  |TAMS 0x0000000089300000, 0x0000000089300000| Untracked 
| 148|0x0000000089400000, 0x0000000089400000, 0x0000000089500000|  0%| F|  |TAMS 0x0000000089400000, 0x0000000089400000| Untracked 
| 149|0x0000000089500000, 0x0000000089500000, 0x0000000089600000|  0%| F|  |TAMS 0x0000000089500000, 0x0000000089500000| Untracked 
| 150|0x0000000089600000, 0x0000000089600000, 0x0000000089700000|  0%| F|  |TAMS 0x0000000089600000, 0x0000000089600000| Untracked 
| 151|0x0000000089700000, 0x0000000089700000, 0x0000000089800000|  0%| F|  |TAMS 0x0000000089700000, 0x0000000089700000| Untracked 
| 152|0x0000000089800000, 0x0000000089800000, 0x0000000089900000|  0%| F|  |TAMS 0x0000000089800000, 0x0000000089800000| Untracked 
| 153|0x0000000089900000, 0x0000000089900000, 0x0000000089a00000|  0%| F|  |TAMS 0x0000000089900000, 0x0000000089900000| Untracked 
| 154|0x0000000089a00000, 0x0000000089a00000, 0x0000000089b00000|  0%| F|  |TAMS 0x0000000089a00000, 0x0000000089a00000| Untracked 
| 155|0x0000000089b00000, 0x0000000089b00000, 0x0000000089c00000|  0%| F|  |TAMS 0x0000000089b00000, 0x0000000089b00000| Untracked 
| 156|0x0000000089c00000, 0x0000000089c00000, 0x0000000089d00000|  0%| F|  |TAMS 0x0000000089c00000, 0x0000000089c00000| Untracked 
| 157|0x0000000089d00000, 0x0000000089d00000, 0x0000000089e00000|  0%| F|  |TAMS 0x0000000089d00000, 0x0000000089d00000| Untracked 
| 158|0x0000000089e00000, 0x0000000089e00000, 0x0000000089f00000|  0%| F|  |TAMS 0x0000000089e00000, 0x0000000089e00000| Untracked 
| 159|0x0000000089f00000, 0x0000000089f00000, 0x000000008a000000|  0%| F|  |TAMS 0x0000000089f00000, 0x0000000089f00000| Untracked 
| 160|0x000000008a000000, 0x000000008a000000, 0x000000008a100000|  0%| F|  |TAMS 0x000000008a000000, 0x000000008a000000| Untracked 
| 161|0x000000008a100000, 0x000000008a100000, 0x000000008a200000|  0%| F|  |TAMS 0x000000008a100000, 0x000000008a100000| Untracked 
| 162|0x000000008a200000, 0x000000008a200000, 0x000000008a300000|  0%| F|  |TAMS 0x000000008a200000, 0x000000008a200000| Untracked 
| 163|0x000000008a300000, 0x000000008a300000, 0x000000008a400000|  0%| F|  |TAMS 0x000000008a300000, 0x000000008a300000| Untracked 
| 164|0x000000008a400000, 0x000000008a400000, 0x000000008a500000|  0%| F|  |TAMS 0x000000008a400000, 0x000000008a400000| Untracked 
| 165|0x000000008a500000, 0x000000008a500000, 0x000000008a600000|  0%| F|  |TAMS 0x000000008a500000, 0x000000008a500000| Untracked 
| 166|0x000000008a600000, 0x000000008a600000, 0x000000008a700000|  0%| F|  |TAMS 0x000000008a600000, 0x000000008a600000| Untracked 
| 167|0x000000008a700000, 0x000000008a700000, 0x000000008a800000|  0%| F|  |TAMS 0x000000008a700000, 0x000000008a700000| Untracked 
| 168|0x000000008a800000, 0x000000008a800000, 0x000000008a900000|  0%| F|  |TAMS 0x000000008a800000, 0x000000008a800000| Untracked 
| 169|0x000000008a900000, 0x000000008a900000, 0x000000008aa00000|  0%| F|  |TAMS 0x000000008a900000, 0x000000008a900000| Untracked 
| 170|0x000000008aa00000, 0x000000008aa00000, 0x000000008ab00000|  0%| F|  |TAMS 0x000000008aa00000, 0x000000008aa00000| Untracked 
| 171|0x000000008ab00000, 0x000000008ab00000, 0x000000008ac00000|  0%| F|  |TAMS 0x000000008ab00000, 0x000000008ab00000| Untracked 
| 172|0x000000008ac00000, 0x000000008ac00000, 0x000000008ad00000|  0%| F|  |TAMS 0x000000008ac00000, 0x000000008ac00000| Untracked 
| 173|0x000000008ad00000, 0x000000008ad00000, 0x000000008ae00000|  0%| F|  |TAMS 0x000000008ad00000, 0x000000008ad00000| Untracked 
| 174|0x000000008ae00000, 0x000000008ae00000, 0x000000008af00000|  0%| F|  |TAMS 0x000000008ae00000, 0x000000008ae00000| Untracked 
| 175|0x000000008af00000, 0x000000008af00000, 0x000000008b000000|  0%| F|  |TAMS 0x000000008af00000, 0x000000008af00000| Untracked 
| 176|0x000000008b000000, 0x000000008b000000, 0x000000008b100000|  0%| F|  |TAMS 0x000000008b000000, 0x000000008b000000| Untracked 
| 177|0x000000008b100000, 0x000000008b100000, 0x000000008b200000|  0%| F|  |TAMS 0x000000008b100000, 0x000000008b100000| Untracked 
| 178|0x000000008b200000, 0x000000008b200000, 0x000000008b300000|  0%| F|  |TAMS 0x000000008b200000, 0x000000008b200000| Untracked 
| 179|0x000000008b300000, 0x000000008b300000, 0x000000008b400000|  0%| F|  |TAMS 0x000000008b300000, 0x000000008b300000| Untracked 
| 180|0x000000008b400000, 0x000000008b400000, 0x000000008b500000|  0%| F|  |TAMS 0x000000008b400000, 0x000000008b400000| Untracked 
| 181|0x000000008b500000, 0x000000008b500000, 0x000000008b600000|  0%| F|  |TAMS 0x000000008b500000, 0x000000008b500000| Untracked 
| 182|0x000000008b600000, 0x000000008b600000, 0x000000008b700000|  0%| F|  |TAMS 0x000000008b600000, 0x000000008b600000| Untracked 
| 183|0x000000008b700000, 0x000000008b700000, 0x000000008b800000|  0%| F|  |TAMS 0x000000008b700000, 0x000000008b700000| Untracked 
| 184|0x000000008b800000, 0x000000008b800000, 0x000000008b900000|  0%| F|  |TAMS 0x000000008b800000, 0x000000008b800000| Untracked 
| 185|0x000000008b900000, 0x000000008b900000, 0x000000008ba00000|  0%| F|  |TAMS 0x000000008b900000, 0x000000008b900000| Untracked 
| 186|0x000000008ba00000, 0x000000008ba00000, 0x000000008bb00000|  0%| F|  |TAMS 0x000000008ba00000, 0x000000008ba00000| Untracked 
| 187|0x000000008bb00000, 0x000000008bb00000, 0x000000008bc00000|  0%| F|  |TAMS 0x000000008bb00000, 0x000000008bb00000| Untracked 
| 188|0x000000008bc00000, 0x000000008bc00000, 0x000000008bd00000|  0%| F|  |TAMS 0x000000008bc00000, 0x000000008bc00000| Untracked 
| 189|0x000000008bd00000, 0x000000008bd00000, 0x000000008be00000|  0%| F|  |TAMS 0x000000008bd00000, 0x000000008bd00000| Untracked 
| 190|0x000000008be00000, 0x000000008be00000, 0x000000008bf00000|  0%| F|  |TAMS 0x000000008be00000, 0x000000008be00000| Untracked 
| 191|0x000000008bf00000, 0x000000008bf00000, 0x000000008c000000|  0%| F|  |TAMS 0x000000008bf00000, 0x000000008bf00000| Untracked 
| 192|0x000000008c000000, 0x000000008c000000, 0x000000008c100000|  0%| F|  |TAMS 0x000000008c000000, 0x000000008c000000| Untracked 
| 193|0x000000008c100000, 0x000000008c100000, 0x000000008c200000|  0%| F|  |TAMS 0x000000008c100000, 0x000000008c100000| Untracked 
| 194|0x000000008c200000, 0x000000008c200000, 0x000000008c300000|  0%| F|  |TAMS 0x000000008c200000, 0x000000008c200000| Untracked 
| 195|0x000000008c300000, 0x000000008c300000, 0x000000008c400000|  0%| F|  |TAMS 0x000000008c300000, 0x000000008c300000| Untracked 
| 196|0x000000008c400000, 0x000000008c400000, 0x000000008c500000|  0%| F|  |TAMS 0x000000008c400000, 0x000000008c400000| Untracked 
| 197|0x000000008c500000, 0x000000008c500000, 0x000000008c600000|  0%| F|  |TAMS 0x000000008c500000, 0x000000008c500000| Untracked 
| 198|0x000000008c600000, 0x000000008c600000, 0x000000008c700000|  0%| F|  |TAMS 0x000000008c600000, 0x000000008c600000| Untracked 
| 199|0x000000008c700000, 0x000000008c700000, 0x000000008c800000|  0%| F|  |TAMS 0x000000008c700000, 0x000000008c700000| Untracked 
| 200|0x000000008c800000, 0x000000008c800000, 0x000000008c900000|  0%| F|  |TAMS 0x000000008c800000, 0x000000008c800000| Untracked 
| 201|0x000000008c900000, 0x000000008c900000, 0x000000008ca00000|  0%| F|  |TAMS 0x000000008c900000, 0x000000008c900000| Untracked 
| 202|0x000000008ca00000, 0x000000008ca00000, 0x000000008cb00000|  0%| F|  |TAMS 0x000000008ca00000, 0x000000008ca00000| Untracked 
| 203|0x000000008cb00000, 0x000000008cb00000, 0x000000008cc00000|  0%| F|  |TAMS 0x000000008cb00000, 0x000000008cb00000| Untracked 
| 204|0x000000008cc00000, 0x000000008cc00000, 0x000000008cd00000|  0%| F|  |TAMS 0x000000008cc00000, 0x000000008cc00000| Untracked 
| 205|0x000000008cd00000, 0x000000008cd00000, 0x000000008ce00000|  0%| F|  |TAMS 0x000000008cd00000, 0x000000008cd00000| Untracked 
| 206|0x000000008ce00000, 0x000000008ce00000, 0x000000008cf00000|  0%| F|  |TAMS 0x000000008ce00000, 0x000000008ce00000| Untracked 
| 207|0x000000008cf00000, 0x000000008cf00000, 0x000000008d000000|  0%| F|  |TAMS 0x000000008cf00000, 0x000000008cf00000| Untracked 
| 208|0x000000008d000000, 0x000000008d000000, 0x000000008d100000|  0%| F|  |TAMS 0x000000008d000000, 0x000000008d000000| Untracked 
| 209|0x000000008d100000, 0x000000008d100000, 0x000000008d200000|  0%| F|  |TAMS 0x000000008d100000, 0x000000008d100000| Untracked 
| 210|0x000000008d200000, 0x000000008d200000, 0x000000008d300000|  0%| F|  |TAMS 0x000000008d200000, 0x000000008d200000| Untracked 
| 211|0x000000008d300000, 0x000000008d300000, 0x000000008d400000|  0%| F|  |TAMS 0x000000008d300000, 0x000000008d300000| Untracked 
| 212|0x000000008d400000, 0x000000008d400000, 0x000000008d500000|  0%| F|  |TAMS 0x000000008d400000, 0x000000008d400000| Untracked 
| 213|0x000000008d500000, 0x000000008d500000, 0x000000008d600000|  0%| F|  |TAMS 0x000000008d500000, 0x000000008d500000| Untracked 
| 214|0x000000008d600000, 0x000000008d600000, 0x000000008d700000|  0%| F|  |TAMS 0x000000008d600000, 0x000000008d600000| Untracked 
| 215|0x000000008d700000, 0x000000008d700000, 0x000000008d800000|  0%| F|  |TAMS 0x000000008d700000, 0x000000008d700000| Untracked 
| 216|0x000000008d800000, 0x000000008d800000, 0x000000008d900000|  0%| F|  |TAMS 0x000000008d800000, 0x000000008d800000| Untracked 
| 217|0x000000008d900000, 0x000000008d900000, 0x000000008da00000|  0%| F|  |TAMS 0x000000008d900000, 0x000000008d900000| Untracked 
| 218|0x000000008da00000, 0x000000008da00000, 0x000000008db00000|  0%| F|  |TAMS 0x000000008da00000, 0x000000008da00000| Untracked 
| 219|0x000000008db00000, 0x000000008db00000, 0x000000008dc00000|  0%| F|  |TAMS 0x000000008db00000, 0x000000008db00000| Untracked 
| 220|0x000000008dc00000, 0x000000008dc00000, 0x000000008dd00000|  0%| F|  |TAMS 0x000000008dc00000, 0x000000008dc00000| Untracked 
| 221|0x000000008dd00000, 0x000000008dd00000, 0x000000008de00000|  0%| F|  |TAMS 0x000000008dd00000, 0x000000008dd00000| Untracked 
| 222|0x000000008de00000, 0x000000008de00000, 0x000000008df00000|  0%| F|  |TAMS 0x000000008de00000, 0x000000008de00000| Untracked 
| 223|0x000000008df00000, 0x000000008df00000, 0x000000008e000000|  0%| F|  |TAMS 0x000000008df00000, 0x000000008df00000| Untracked 
| 224|0x000000008e000000, 0x000000008e08f2f0, 0x000000008e100000| 55%| S|CS|TAMS 0x000000008e000000, 0x000000008e000000| Complete 
| 225|0x000000008e100000, 0x000000008e200000, 0x000000008e200000|100%| S|CS|TAMS 0x000000008e100000, 0x000000008e100000| Complete 
| 226|0x000000008e200000, 0x000000008e300000, 0x000000008e300000|100%| S|CS|TAMS 0x000000008e200000, 0x000000008e200000| Complete 
| 227|0x000000008e300000, 0x000000008e400000, 0x000000008e400000|100%| S|CS|TAMS 0x000000008e300000, 0x000000008e300000| Complete 
| 228|0x000000008e400000, 0x000000008e500000, 0x000000008e500000|100%| S|CS|TAMS 0x000000008e400000, 0x000000008e400000| Complete 
| 229|0x000000008e500000, 0x000000008e500000, 0x000000008e600000|  0%| F|  |TAMS 0x000000008e500000, 0x000000008e500000| Untracked 
| 230|0x000000008e600000, 0x000000008e600000, 0x000000008e700000|  0%| F|  |TAMS 0x000000008e600000, 0x000000008e600000| Untracked 
| 231|0x000000008e700000, 0x000000008e700000, 0x000000008e800000|  0%| F|  |TAMS 0x000000008e700000, 0x000000008e700000| Untracked 
| 232|0x000000008e800000, 0x000000008e800000, 0x000000008e900000|  0%| F|  |TAMS 0x000000008e800000, 0x000000008e800000| Untracked 
| 233|0x000000008e900000, 0x000000008e900000, 0x000000008ea00000|  0%| F|  |TAMS 0x000000008e900000, 0x000000008e900000| Untracked 
| 234|0x000000008ea00000, 0x000000008ea00000, 0x000000008eb00000|  0%| F|  |TAMS 0x000000008ea00000, 0x000000008ea00000| Untracked 
| 235|0x000000008eb00000, 0x000000008eb00000, 0x000000008ec00000|  0%| F|  |TAMS 0x000000008eb00000, 0x000000008eb00000| Untracked 
| 236|0x000000008ec00000, 0x000000008ec00000, 0x000000008ed00000|  0%| F|  |TAMS 0x000000008ec00000, 0x000000008ec00000| Untracked 
| 237|0x000000008ed00000, 0x000000008ed00000, 0x000000008ee00000|  0%| F|  |TAMS 0x000000008ed00000, 0x000000008ed00000| Untracked 
| 238|0x000000008ee00000, 0x000000008ee00000, 0x000000008ef00000|  0%| F|  |TAMS 0x000000008ee00000, 0x000000008ee00000| Untracked 
| 239|0x000000008ef00000, 0x000000008ef00000, 0x000000008f000000|  0%| F|  |TAMS 0x000000008ef00000, 0x000000008ef00000| Untracked 
| 240|0x000000008f000000, 0x000000008f000000, 0x000000008f100000|  0%| F|  |TAMS 0x000000008f000000, 0x000000008f000000| Untracked 
| 241|0x000000008f100000, 0x000000008f100000, 0x000000008f200000|  0%| F|  |TAMS 0x000000008f100000, 0x000000008f100000| Untracked 
| 242|0x000000008f200000, 0x000000008f200000, 0x000000008f300000|  0%| F|  |TAMS 0x000000008f200000, 0x000000008f200000| Untracked 
| 243|0x000000008f300000, 0x000000008f300000, 0x000000008f400000|  0%| F|  |TAMS 0x000000008f300000, 0x000000008f300000| Untracked 
| 244|0x000000008f400000, 0x000000008f400000, 0x000000008f500000|  0%| F|  |TAMS 0x000000008f400000, 0x000000008f400000| Untracked 
| 245|0x000000008f500000, 0x000000008f500000, 0x000000008f600000|  0%| F|  |TAMS 0x000000008f500000, 0x000000008f500000| Untracked 
| 246|0x000000008f600000, 0x000000008f600000, 0x000000008f700000|  0%| F|  |TAMS 0x000000008f600000, 0x000000008f600000| Untracked 
| 247|0x000000008f700000, 0x000000008f764ea8, 0x000000008f800000| 39%| E|  |TAMS 0x000000008f700000, 0x000000008f700000| Complete 
| 248|0x000000008f800000, 0x000000008f900000, 0x000000008f900000|100%| E|CS|TAMS 0x000000008f800000, 0x000000008f800000| Complete 
| 249|0x000000008f900000, 0x000000008fa00000, 0x000000008fa00000|100%| E|CS|TAMS 0x000000008f900000, 0x000000008f900000| Complete 
| 250|0x000000008fa00000, 0x000000008fb00000, 0x000000008fb00000|100%| E|CS|TAMS 0x000000008fa00000, 0x000000008fa00000| Complete 
| 251|0x000000008fb00000, 0x000000008fc00000, 0x000000008fc00000|100%| E|CS|TAMS 0x000000008fb00000, 0x000000008fb00000| Complete 
| 252|0x000000008fc00000, 0x000000008fd00000, 0x000000008fd00000|100%| E|CS|TAMS 0x000000008fc00000, 0x000000008fc00000| Complete 
| 253|0x000000008fd00000, 0x000000008fe00000, 0x000000008fe00000|100%| E|CS|TAMS 0x000000008fd00000, 0x000000008fd00000| Complete 

Card table byte_map: [0x000002e4b3c10000,0x000002e4b4010000] _byte_map_base: 0x000002e4b3810000

Marking Bits (Prev, Next): (CMBitMap*) 0x000002e4a0d4b840, (CMBitMap*) 0x000002e4a0d4b808
 Prev Bits: [0x000002e4b6410000, 0x000002e4b8410000)
 Next Bits: [0x000002e4b4410000, 0x000002e4b6410000)

Polling page: 0x000002e49ecb0000

Metaspace:

Usage:
  Non-class:     18.73 MB capacity,    18.42 MB ( 98%) used,   272.42 KB (  1%) free+waste,    36.88 KB ( <1%) overhead. 
      Class:      2.80 MB capacity,     2.63 MB ( 94%) used,   155.38 KB (  5%) free+waste,    18.25 KB ( <1%) overhead. 
       Both:     21.53 MB capacity,    21.05 MB ( 98%) used,   427.80 KB (  2%) free+waste,    55.13 KB ( <1%) overhead. 

Virtual space:
  Non-class space:       20.00 MB reserved,      18.75 MB ( 94%) committed 
      Class space:        1.00 GB reserved,       2.88 MB ( <1%) committed 
             Both:        1.02 GB reserved,      21.63 MB (  2%) committed 

Chunk freelists:
   Non-Class:  25.00 KB
       Class:  13.00 KB
        Both:  38.00 KB

MaxMetaspaceSize: 17179869184.00 GB
CompressedClassSpaceSize: 1.00 GB
Initial GC threshold: 20.80 MB
Current GC threshold: 35.00 MB
CDS: off

CodeHeap 'non-profiled nmethods': size=120064Kb used=888Kb max_used=888Kb free=119175Kb
 bounds [0x000002e4ac2d0000, 0x000002e4ac540000, 0x000002e4b3810000]
CodeHeap 'profiled nmethods': size=120000Kb used=4117Kb max_used=4117Kb free=115882Kb
 bounds [0x000002e4a4da0000, 0x000002e4a51b0000, 0x000002e4ac2d0000]
CodeHeap 'non-nmethods': size=5696Kb used=1210Kb max_used=1228Kb free=4485Kb
 bounds [0x000002e4a4810000, 0x000002e4a4a80000, 0x000002e4a4da0000]
 total_blobs=2443 nmethods=1963 adapters=392
 compilation: enabled
              stopped_count=0, restarted_count=0
 full_count=0

Compilation events (20 events):
Event: 6.791 Thread 0x000002e4bb1d6800 1940       3       java.util.concurrent.locks.ReentrantLock$Sync::tryRelease (45 bytes)
Event: 6.792 Thread 0x000002e4bb1d6800 nmethod 1940 0x000002e4a5199b90 code [0x000002e4a5199d60, 0x000002e4a519a048]
Event: 6.798 Thread 0x000002e4bb1d6800 1941       3       java.lang.invoke.InnerClassLambdaMetafactory::getLoadOpcode (25 bytes)
Event: 6.798 Thread 0x000002e4bb1d6800 nmethod 1941 0x000002e4a519a110 code [0x000002e4a519a2e0, 0x000002e4a519a4f8]
Event: 6.799 Thread 0x000002e4bb1d6800 1942       3       java.lang.invoke.InnerClassLambdaMetafactory::getParameterSize (27 bytes)
Event: 6.799 Thread 0x000002e4bb1d6800 nmethod 1942 0x000002e4a519a610 code [0x000002e4a519a7c0, 0x000002e4a519a998]
Event: 6.800 Thread 0x000002e4bb1d6800 1944       3       sun.invoke.util.VerifyAccess::isTypeVisible (47 bytes)
Event: 6.801 Thread 0x000002e4bb1d6800 nmethod 1944 0x000002e4a519aa10 code [0x000002e4a519ac00, 0x000002e4a519afd8]
Event: 6.832 Thread 0x000002e4bb1d6800 1945       3       jdk.internal.org.objectweb.asm.ClassWriter::addType (103 bytes)
Event: 6.832 Thread 0x000002e4bb1d6800 nmethod 1945 0x000002e4a519b210 code [0x000002e4a519b420, 0x000002e4a519bae8]
Event: 6.833 Thread 0x000002e4bb1d6800 1946       3       sun.invoke.util.VerifyAccess::isMemberAccessible (313 bytes)
Event: 6.837 Thread 0x000002e4bb1d6800 nmethod 1946 0x000002e4a519bd10 code [0x000002e4a519c1e0, 0x000002e4a519e388]
Event: 6.837 Thread 0x000002e4bb1d6800 1948       3       java.lang.String::substring (68 bytes)
Event: 6.838 Thread 0x000002e4bb1d6800 nmethod 1948 0x000002e4a519ee10 code [0x000002e4a519f060, 0x000002e4a519f798]
Event: 6.838 Thread 0x000002e4bb1d6800 1947       3       java.lang.invoke.LambdaFormEditor$Transform::<init> (17 bytes)
Event: 6.838 Thread 0x000002e4bb1d6800 nmethod 1947 0x000002e4a519fa10 code [0x000002e4a519fbe0, 0x000002e4a519ffb8]
Event: 6.838 Thread 0x000002e4bb1d6800 1950       3       java.lang.invoke.Invokers$Holder::linkToTargetMethod (10 bytes)
Event: 6.838 Thread 0x000002e4bb1d6800 nmethod 1950 0x000002e4a51a0110 code [0x000002e4a51a02e0, 0x000002e4a51a06f8]
Event: 6.867 Thread 0x000002e4bb1d6800 1951       3       java.util.Vector::add (23 bytes)
Event: 6.868 Thread 0x000002e4bb1d6800 nmethod 1951 0x000002e4a51a0810 code [0x000002e4a51a0a20, 0x000002e4a51a0f58]

GC Heap History (10 events):
Event: 1.875 GC heap before
{Heap before GC invocations=0 (full 0):
 garbage-first heap   total 260096K, used 20480K [0x0000000080000000, 0x0000000100000000)
  region size 1024K, 14 young (14336K), 0 survivors (0K)
 Metaspace       used 6741K, capacity 6929K, committed 7168K, reserved 1056768K
  class space    used 582K, capacity 650K, committed 768K, reserved 1048576K
}
Event: 2.033 GC heap after
{Heap after GC invocations=1 (full 0):
 garbage-first heap   total 260096K, used 7882K [0x0000000080000000, 0x0000000100000000)
  region size 1024K, 2 young (2048K), 2 survivors (2048K)
 Metaspace       used 6741K, capacity 6929K, committed 7168K, reserved 1056768K
  class space    used 582K, capacity 650K, committed 768K, reserved 1048576K
}
Event: 2.809 GC heap before
{Heap before GC invocations=1 (full 0):
 garbage-first heap   total 260096K, used 20170K [0x0000000080000000, 0x0000000100000000)
  region size 1024K, 14 young (14336K), 2 survivors (2048K)
 Metaspace       used 10283K, capacity 10495K, committed 10624K, reserved 1058816K
  class space    used 1072K, capacity 1141K, committed 1152K, reserved 1048576K
}
Event: 2.812 GC heap after
{Heap after GC invocations=2 (full 0):
 garbage-first heap   total 260096K, used 9560K [0x0000000080000000, 0x0000000100000000)
  region size 1024K, 2 young (2048K), 2 survivors (2048K)
 Metaspace       used 10283K, capacity 10495K, committed 10624K, reserved 1058816K
  class space    used 1072K, capacity 1141K, committed 1152K, reserved 1048576K
}
Event: 3.570 GC heap before
{Heap before GC invocations=2 (full 0):
 garbage-first heap   total 260096K, used 40280K [0x0000000080000000, 0x0000000100000000)
  region size 1024K, 32 young (32768K), 2 survivors (2048K)
 Metaspace       used 11264K, capacity 11450K, committed 11520K, reserved 1058816K
  class space    used 1175K, capacity 1246K, committed 1280K, reserved 1048576K
}
Event: 3.573 GC heap after
{Heap after GC invocations=3 (full 0):
 garbage-first heap   total 260096K, used 12779K [0x0000000080000000, 0x0000000100000000)
  region size 1024K, 4 young (4096K), 4 survivors (4096K)
 Metaspace       used 11264K, capacity 11450K, committed 11520K, reserved 1058816K
  class space    used 1175K, capacity 1246K, committed 1280K, reserved 1048576K
}
Event: 6.183 GC heap before
{Heap before GC invocations=3 (full 0):
 garbage-first heap   total 260096K, used 56811K [0x0000000080000000, 0x0000000100000000)
  region size 1024K, 47 young (48128K), 4 survivors (4096K)
 Metaspace       used 17948K, capacity 18335K, committed 18432K, reserved 1064960K
  class space    used 2135K, capacity 2244K, committed 2304K, reserved 1048576K
}
Event: 6.200 GC heap after
{Heap after GC invocations=4 (full 0):
 garbage-first heap   total 260096K, used 16875K [0x0000000080000000, 0x0000000100000000)
  region size 1024K, 6 young (6144K), 6 survivors (6144K)
 Metaspace       used 17948K, capacity 18335K, committed 18432K, reserved 1064960K
  class space    used 2135K, capacity 2244K, committed 2304K, reserved 1048576K
}
Event: 6.763 GC heap before
{Heap before GC invocations=4 (full 0):
 garbage-first heap   total 260096K, used 41451K [0x0000000080000000, 0x0000000100000000)
  region size 1024K, 31 young (31744K), 6 survivors (6144K)
 Metaspace       used 20703K, capacity 21081K, committed 21248K, reserved 1067008K
  class space    used 2543K, capacity 2712K, committed 2816K, reserved 1048576K
}
Event: 6.770 GC heap after
{Heap after GC invocations=5 (full 0):
 garbage-first heap   total 260096K, used 17376K [0x0000000080000000, 0x0000000100000000)
  region size 1024K, 5 young (5120K), 5 survivors (5120K)
 Metaspace       used 20703K, capacity 21081K, committed 21248K, reserved 1067008K
  class space    used 2543K, capacity 2712K, committed 2816K, reserved 1048576K
}

Deoptimization events (20 events):
Event: 6.633 Thread 0x000002e4bc762800 Uncommon trap: trap_request=0xffffff4d fr.pc=0x000002e4ac2e945c relative=0x000000000000043c
Event: 6.633 Thread 0x000002e4bc762800 Uncommon trap: reason=unstable_if action=reinterpret pc=0x000002e4ac2e945c method=java.util.regex.Matcher.match(II)Z @ 76 c2
Event: 6.633 Thread 0x000002e4bc762800 DEOPT PACKING pc=0x000002e4ac2e945c sp=0x000000f8a5af88b0
Event: 6.633 Thread 0x000002e4bc762800 DEOPT UNPACKING pc=0x000002e4a485a1af sp=0x000000f8a5af8880 mode 2
Event: 6.635 Thread 0x000002e4bc762800 Uncommon trap: trap_request=0xffffff4d fr.pc=0x000002e4ac33adf8 relative=0x0000000000000218
Event: 6.635 Thread 0x000002e4bc762800 Uncommon trap: reason=unstable_if action=reinterpret pc=0x000002e4ac33adf8 method=java.util.regex.Matcher.reset()Ljava/util/regex/Matcher; @ 71 c2
Event: 6.635 Thread 0x000002e4bc762800 DEOPT PACKING pc=0x000002e4ac33adf8 sp=0x000000f8a5af8860
Event: 6.635 Thread 0x000002e4bc762800 DEOPT UNPACKING pc=0x000002e4a485a1af sp=0x000000f8a5af87f0 mode 2
Event: 6.742 Thread 0x000002e4bc762800 Uncommon trap: trap_request=0xffffffc6 fr.pc=0x000002e4ac345da4 relative=0x0000000000000084
Event: 6.742 Thread 0x000002e4bc762800 Uncommon trap: reason=bimorphic_or_optimized_type_check action=maybe_recompile pc=0x000002e4ac345da4 method=java.util.AbstractList$Itr.hasNext()Z @ 8 c2
Event: 6.742 Thread 0x000002e4bc762800 DEOPT PACKING pc=0x000002e4ac345da4 sp=0x000000f8a5afa5d0
Event: 6.742 Thread 0x000002e4bc762800 DEOPT UNPACKING pc=0x000002e4a485a1af sp=0x000000f8a5afa568 mode 2
Event: 6.742 Thread 0x000002e4bc762800 Uncommon trap: trap_request=0xffffffc6 fr.pc=0x000002e4ac346154 relative=0x0000000000000114
Event: 6.742 Thread 0x000002e4bc762800 Uncommon trap: reason=bimorphic_or_optimized_type_check action=maybe_recompile pc=0x000002e4ac346154 method=java.util.AbstractList$Itr.next()Ljava/lang/Object; @ 14 c2
Event: 6.742 Thread 0x000002e4bc762800 DEOPT PACKING pc=0x000002e4ac346154 sp=0x000000f8a5afa5c0
Event: 6.742 Thread 0x000002e4bc762800 DEOPT UNPACKING pc=0x000002e4a485a1af sp=0x000000f8a5afa558 mode 2
Event: 6.743 Thread 0x000002e4bc762800 Uncommon trap: trap_request=0xffffff4d fr.pc=0x000002e4ac341890 relative=0x0000000000000450
Event: 6.743 Thread 0x000002e4bc762800 Uncommon trap: reason=unstable_if action=reinterpret pc=0x000002e4ac341890 method=java.lang.String.substring(I)Ljava/lang/String; @ 34 c2
Event: 6.743 Thread 0x000002e4bc762800 DEOPT PACKING pc=0x000002e4ac341890 sp=0x000000f8a5afaf20
Event: 6.743 Thread 0x000002e4bc762800 DEOPT UNPACKING pc=0x000002e4a485a1af sp=0x000000f8a5afaef8 mode 2

Classes redefined (0 events):
No events

Internal exceptions (20 events):
Event: 1.179 Thread 0x000002e4a0d0c000 Exception <a 'java/lang/NoSuchMethodError'{0x000000008fa13b70}: 'int java.lang.invoke.DirectMethodHandle$Holder.invokeSpecialIFC(java.lang.Object, java.lang.Object, int)'> (0x000000008fa13b70) thrown at [./src/hotspot/share/interpreter/linkResolver.cpp, line 773]
Event: 2.056 Thread 0x000002e4a0d0c000 Exception <a 'java/lang/NoClassDefFoundError'{0x000000008fdad5d0}: org/slf4j/impl/StaticMarkerBinder> (0x000000008fdad5d0) thrown at [./src/hotspot/share/classfile/systemDictionary.cpp, line 220]
Event: 2.246 Thread 0x000002e4a0d0c000 Exception <a 'java/lang/NoSuchMethodError'{0x000000008f9449d8}: 'java.lang.Object java.lang.invoke.DirectMethodHandle$Holder.invokeVirtual(java.lang.Object, java.lang.Object, java.lang.Object, java.lang.Object, java.lang.Object, java.lang.Object, java.lang.Object)'> (0x000000008f9449d8) thrown at [./src/hotspot/share/interpreter/linkResolver.cpp, line 773]
Event: 2.250 Thread 0x000002e4a0d0c000 Exception <a 'java/lang/NoSuchMethodError'{0x000000008f958e88}: 'java.lang.Object java.lang.invoke.Invokers$Holder.invoker(java.lang.Object, java.lang.Object, java.lang.Object)'> (0x000000008f958e88) thrown at [./src/hotspot/share/interpreter/linkResolver.cpp, line 773]
Event: 2.256 Thread 0x000002e4a0d0c000 Exception <a 'java/lang/NoSuchMethodError'{0x000000008f969f00}: 'void java.lang.invoke.DelegatingMethodHandle$Holder.delegate(java.lang.Object, java.lang.Object, int, java.lang.Object)'> (0x000000008f969f00) thrown at [./src/hotspot/share/interpreter/linkResolver.cpp, line 773]
Event: 3.659 Thread 0x000002e4a0d0c000 Exception <a 'java/security/PrivilegedActionException'{0x000000008fa71fa0}> (0x000000008fa71fa0) thrown at [./src/hotspot/share/prims/jvm.cpp, line 1306]
Event: 3.659 Thread 0x000002e4a0d0c000 Exception <a 'java/security/PrivilegedActionException'{0x000000008fa72518}> (0x000000008fa72518) thrown at [./src/hotspot/share/prims/jvm.cpp, line 1306]
Event: 4.327 Thread 0x000002e4a0d0c000 Exception <a 'java/lang/NoSuchMethodError'{0x000000008e98bbb8}: 'java.lang.Object java.lang.invoke.DirectMethodHandle$Holder.invokeStaticInit(java.lang.Object, java.lang.Object, java.lang.Object)'> (0x000000008e98bbb8) thrown at [./src/hotspot/share/interpreter/linkResolver.cpp, line 773]
Event: 4.812 Thread 0x000002e4a0d0c000 Exception <a 'java/lang/NoSuchMethodError'{0x000000008e3e4b80}: 'java.lang.Object java.lang.invoke.DirectMethodHandle$Holder.invokeStaticInit(java.lang.Object, int, int, int, int)'> (0x000000008e3e4b80) thrown at [./src/hotspot/share/interpreter/linkResolver.cpp, line 773]
Event: 5.317 Thread 0x000002e4a0d0c000 Exception <a 'java/lang/NoSuchMethodError'{0x000000008e2150b8}: 'java.lang.Object java.lang.invoke.DirectMethodHandle$Holder.invokeStaticInit(java.lang.Object, java.lang.Object, int, int, int, int)'> (0x000000008e2150b8) thrown at [./src/hotspot/share/interpreter/linkResolver.cpp, line 773]
Event: 5.764 Thread 0x000002e4a0d0c000 Exception <a 'java/io/IOException'{0x000000008e1dd798}> (0x000000008e1dd798) thrown at [./src/hotspot/share/prims/jni.cpp, line 615]
Event: 5.970 Thread 0x000002e4bc762800 Exception <a 'java/lang/NoSuchMethodError'{0x000000008d7c9698}: 'long java.lang.invoke.DirectMethodHandle$Holder.invokeInterface(java.lang.Object, java.lang.Object)'> (0x000000008d7c9698) thrown at [./src/hotspot/share/interpreter/linkResolver.cpp, line 773]
Event: 5.972 Thread 0x000002e4bc762800 Exception <a 'java/lang/NoSuchMethodError'{0x000000008d7d6738}: 'void java.lang.invoke.DelegatingMethodHandle$Holder.reinvoke_L(java.lang.Object, java.lang.Object, java.lang.Object, java.lang.Object, java.lang.Object, java.lang.Object, java.lang.Object)'> (0x000000008d7d6738) thrown at [./src/hotspot/share/interpreter/linkResolver.cpp, line 773]
Event: 6.577 Thread 0x000002e4bc762800 Exception <a 'java/lang/NoSuchMethodError'{0x000000008ea541e0}: 'void java.lang.invoke.DirectMethodHandle$Holder.invokeStaticInit(java.lang.Object)'> (0x000000008ea541e0) thrown at [./src/hotspot/share/interpreter/linkResolver.cpp, line 773]
Event: 6.601 Thread 0x000002e4bc762800 Exception <a 'java/lang/NoSuchMethodError'{0x000000008e901770}: 'java.lang.Object java.lang.invoke.DirectMethodHandle$Holder.invokeStatic(java.lang.Object, java.lang.Object, java.lang.Object, int)'> (0x000000008e901770) thrown at [./src/hotspot/share/interpreter/linkResolver.cpp, line 773]
Event: 6.602 Thread 0x000002e4bc762800 Exception <a 'java/lang/NoSuchMethodError'{0x000000008e905e88}: 'java.lang.Object java.lang.invoke.DirectMethodHandle$Holder.invokeSpecial(java.lang.Object, java.lang.Object, java.lang.Object, java.lang.Object, int)'> (0x000000008e905e88) thrown at [./src/hotspot/share/interpreter/linkResolver.cpp, line 773]
Event: 6.603 Thread 0x000002e4bc762800 Exception <a 'java/lang/NoSuchMethodError'{0x000000008e909dc0}: 'java.lang.Object java.lang.invoke.Invokers$Holder.linkToTargetMethod(java.lang.Object, java.lang.Object, int, java.lang.Object)'> (0x000000008e909dc0) thrown at [./src/hotspot/share/interpreter/linkResolver.cpp, line 773]
Event: 6.831 Thread 0x000002e4bc762800 Exception <a 'java/lang/NoSuchMethodError'{0x000000008fb4f120}: 'int java.lang.invoke.DirectMethodHandle$Holder.invokeSpecialIFC(java.lang.Object, java.lang.Object, java.lang.Object, java.lang.Object)'> (0x000000008fb4f120) thrown at [./src/hotspot/share/interpreter/linkResolver.cpp, line 773]
Event: 6.835 Thread 0x000002e4bc762800 Exception <a 'java/lang/NoSuchMethodError'{0x000000008fb5d0d8}: 'java.lang.Object java.lang.invoke.DirectMethodHandle$Holder.invokeInterface(java.lang.Object, java.lang.Object, java.lang.Object)'> (0x000000008fb5d0d8) thrown at [./src/hotspot/share/interpreter/linkResolver.cpp, line 773]
Event: 6.835 Thread 0x000002e4bc762800 Exception <a 'java/lang/IncompatibleClassChangeError'{0x000000008fb605b0}: Found class java.lang.Object, but interface was expected> (0x000000008fb605b0) thrown at [./src/hotspot/share/interpreter/linkResolver.cpp, line 839]

Events (20 events):
Event: 6.870 loading class org/gradle/internal/fingerprint/impl/AbstractFileCollectionFingerprinter
Event: 6.870 loading class org/gradle/internal/fingerprint/impl/AbstractFileCollectionFingerprinter done
Event: 6.876 loading class org/gradle/internal/fingerprint/FingerprintingStrategy
Event: 6.876 loading class org/gradle/internal/fingerprint/FingerprintingStrategy done
Event: 6.881 loading class org/gradle/api/internal/changedetection/state/ResourceFilter
Event: 6.881 loading class org/gradle/api/internal/changedetection/state/ResourceFilter done
Event: 6.881 loading class org/gradle/api/internal/changedetection/state/ResourceFilter$1
Event: 6.881 loading class org/gradle/api/internal/changedetection/state/ResourceFilter$1 done
Event: 6.882 loading class org/gradle/api/internal/changedetection/state/ResourceEntryFilter
Event: 6.882 loading class org/gradle/api/internal/changedetection/state/ResourceEntryFilter done
Event: 6.883 loading class org/gradle/api/internal/changedetection/state/ResourceEntryFilter$1
Event: 6.883 loading class org/gradle/api/internal/changedetection/state/ResourceEntryFilter$1 done
Event: 6.886 loading class org/gradle/api/internal/changedetection/state/PropertiesFileFilter
Event: 6.886 loading class org/gradle/api/internal/changedetection/state/PropertiesFileFilter done
Event: 6.886 loading class org/gradle/internal/fingerprint/LineEndingSensitivity
Event: 6.886 loading class org/gradle/internal/fingerprint/LineEndingSensitivity done
Event: 6.887 loading class org/gradle/api/internal/changedetection/state/RuntimeClasspathResourceHasher
Event: 6.887 loading class org/gradle/api/internal/changedetection/state/RuntimeClasspathResourceHasher done
Event: 6.888 loading class org/gradle/internal/fingerprint/classpath/impl/ClasspathFingerprintingStrategy
Event: 6.888 loading class org/gradle/internal/fingerprint/classpath/impl/ClasspathFingerprintingStrategy done


Dynamic libraries:
0x00007ff761d40000 - 0x00007ff761d4a000 	C:\Program Files\Android\Android Studio1\jre\bin\java.exe
0x00007ffd798d0000 - 0x00007ffd79ac8000 	C:\Windows\SYSTEM32\ntdll.dll
0x00007ffd77f20000 - 0x00007ffd77fdd000 	C:\Windows\System32\KERNEL32.DLL
0x00007ffd77250000 - 0x00007ffd7751e000 	C:\Windows\System32\KERNELBASE.dll
0x00007ffd74910000 - 0x00007ffd749a0000 	C:\Windows\SYSTEM32\apphelp.dll
0x00007ffd77520000 - 0x00007ffd77620000 	C:\Windows\System32\ucrtbase.dll
0x00007ffd64310000 - 0x00007ffd64327000 	C:\Program Files\Android\Android Studio1\jre\bin\VCRUNTIME140.dll
0x00007ffd644e0000 - 0x00007ffd644f9000 	C:\Program Files\Android\Android Studio1\jre\bin\jli.dll
0x00007ffd79140000 - 0x00007ffd792e0000 	C:\Windows\System32\USER32.dll
0x00007ffd77220000 - 0x00007ffd77242000 	C:\Windows\System32\win32u.dll
0x00007ffd77ee0000 - 0x00007ffd77f0a000 	C:\Windows\System32\GDI32.dll
0x00007ffd77110000 - 0x00007ffd7721b000 	C:\Windows\System32\gdi32full.dll
0x00007ffd77040000 - 0x00007ffd770dd000 	C:\Windows\System32\msvcp_win.dll
0x00007ffd68930000 - 0x00007ffd68bca000 	C:\Windows\WinSxS\amd64_microsoft.windows.common-controls_6595b64144ccf1df_6.0.19041.1110_none_60b5254171f9507e\COMCTL32.dll
0x00007ffd78d20000 - 0x00007ffd78dbe000 	C:\Windows\System32\msvcrt.dll
0x00007ffd78730000 - 0x00007ffd78760000 	C:\Windows\System32\IMM32.DLL
0x00007ffd51d20000 - 0x00007ffd51dbd000 	C:\Program Files\Android\Android Studio1\jre\bin\msvcp140.dll
0x00007ffcfaac0000 - 0x00007ffcfb5a5000 	C:\Program Files\Android\Android Studio1\jre\bin\server\jvm.dll
0x00007ffd78c70000 - 0x00007ffd78d1e000 	C:\Windows\System32\ADVAPI32.dll
0x00007ffd78760000 - 0x00007ffd787fc000 	C:\Windows\System32\sechost.dll
0x00007ffd78f20000 - 0x00007ffd79045000 	C:\Windows\System32\RPCRT4.dll
0x00007ffd79650000 - 0x00007ffd79658000 	C:\Windows\System32\PSAPI.DLL
0x00007ffd60200000 - 0x00007ffd60209000 	C:\Windows\SYSTEM32\WSOCK32.dll
0x00007ffd79050000 - 0x00007ffd790bb000 	C:\Windows\System32\WS2_32.dll
0x00007ffd66700000 - 0x00007ffd66727000 	C:\Windows\SYSTEM32\WINMM.dll
0x00007ffd70840000 - 0x00007ffd7084a000 	C:\Windows\SYSTEM32\VERSION.dll
0x00007ffd74ef0000 - 0x00007ffd74f02000 	C:\Windows\SYSTEM32\kernel.appcore.dll
0x00007ffd72190000 - 0x00007ffd721a1000 	C:\Program Files\Android\Android Studio1\jre\bin\verify.dll
0x00007ffd6fa00000 - 0x00007ffd6fbe4000 	C:\Windows\SYSTEM32\DBGHELP.DLL
0x00007ffd64020000 - 0x00007ffd6404c000 	C:\Windows\SYSTEM32\dbgcore.DLL
0x00007ffd77780000 - 0x00007ffd77802000 	C:\Windows\System32\bcryptPrimitives.dll
0x00007ffd70500000 - 0x00007ffd70529000 	C:\Program Files\Android\Android Studio1\jre\bin\java.dll
0x00007ffd72b90000 - 0x00007ffd72b9b000 	C:\Program Files\Android\Android Studio1\jre\bin\jimage.dll
0x00007ffd72170000 - 0x00007ffd72188000 	C:\Program Files\Android\Android Studio1\jre\bin\zip.dll
0x00007ffd77fe0000 - 0x00007ffd78724000 	C:\Windows\System32\SHELL32.dll
0x00007ffd750f0000 - 0x00007ffd75884000 	C:\Windows\SYSTEM32\windows.storage.dll
0x00007ffd77b80000 - 0x00007ffd77ed4000 	C:\Windows\System32\combase.dll
0x00007ffd76a50000 - 0x00007ffd76a80000 	C:\Windows\SYSTEM32\Wldp.dll
0x00007ffd78e70000 - 0x00007ffd78f1d000 	C:\Windows\System32\SHCORE.dll
0x00007ffd79830000 - 0x00007ffd79885000 	C:\Windows\System32\shlwapi.dll
0x00007ffd76f30000 - 0x00007ffd76f4f000 	C:\Windows\SYSTEM32\profapi.dll
0x00007ffd720b0000 - 0x00007ffd720ca000 	C:\Program Files\Android\Android Studio1\jre\bin\net.dll
0x00007ffd6ba60000 - 0x00007ffd6bb6a000 	C:\Windows\SYSTEM32\WINHTTP.dll
0x00007ffd767b0000 - 0x00007ffd7681a000 	C:\Windows\system32\mswsock.dll
0x00007ffd704e0000 - 0x00007ffd704f4000 	C:\Program Files\Android\Android Studio1\jre\bin\nio.dll
0x00007ffd704b0000 - 0x00007ffd704d7000 	C:\Users\Mohamed\.gradle\native\e1d6ef7f7dcc3fd88c89a11ec53ec762bb8ba0a96d01ffa2cd45eb1d1d8dd5c5\windows-amd64\native-platform.dll
0x00007ffd50100000 - 0x00007ffd50244000 	C:\Users\Mohamed\.gradle\native\5664cfc778a61ccfe75a443a1ab52a65af34e5dc3c78e0209fed803814484fcb\windows-amd64\native-platform-file-events.dll
0x00007ffd72b70000 - 0x00007ffd72b7a000 	C:\Program Files\Android\Android Studio1\jre\bin\management.dll
0x00007ffd72860000 - 0x00007ffd7286d000 	C:\Program Files\Android\Android Studio1\jre\bin\management_ext.dll
0x00007ffd769a0000 - 0x00007ffd769b8000 	C:\Windows\SYSTEM32\CRYPTSP.dll
0x00007ffd760c0000 - 0x00007ffd760f4000 	C:\Windows\system32\rsaenh.dll
0x00007ffd770e0000 - 0x00007ffd77107000 	C:\Windows\System32\bcrypt.dll
0x00007ffd76ef0000 - 0x00007ffd76f1e000 	C:\Windows\SYSTEM32\USERENV.dll
0x00007ffd769c0000 - 0x00007ffd769cc000 	C:\Windows\SYSTEM32\CRYPTBASE.dll
0x00007ffd76450000 - 0x00007ffd7648b000 	C:\Windows\SYSTEM32\IPHLPAPI.DLL
0x00007ffd77f10000 - 0x00007ffd77f18000 	C:\Windows\System32\NSI.dll
0x00007ffd6f6c0000 - 0x00007ffd6f6d7000 	C:\Windows\SYSTEM32\dhcpcsvc6.DLL
0x00007ffd70870000 - 0x00007ffd7088d000 	C:\Windows\SYSTEM32\dhcpcsvc.DLL
0x00007ffd764a0000 - 0x00007ffd7656a000 	C:\Windows\SYSTEM32\DNSAPI.dll

dbghelp: loaded successfully - version: 4.0.5 - missing functions: none
symbol engine: initialized successfully - sym options: 0x614 - pdb path: .;C:\Program Files\Android\Android Studio1\jre\bin;C:\Windows\SYSTEM32;C:\Windows\WinSxS\amd64_microsoft.windows.common-controls_6595b64144ccf1df_6.0.19041.1110_none_60b5254171f9507e;C:\Program Files\Android\Android Studio1\jre\bin\server;C:\Users\Mohamed\.gradle\native\e1d6ef7f7dcc3fd88c89a11ec53ec762bb8ba0a96d01ffa2cd45eb1d1d8dd5c5\windows-amd64;C:\Users\Mohamed\.gradle\native\5664cfc778a61ccfe75a443a1ab52a65af34e5dc3c78e0209fed803814484fcb\windows-amd64

VM Arguments:
jvm_args: --add-opens=java.base/java.util=ALL-UNNAMED --add-opens=java.base/java.lang=ALL-UNNAMED --add-opens=java.base/java.lang.invoke=ALL-UNNAMED --add-opens=java.base/java.util=ALL-UNNAMED --add-opens=java.prefs/java.util.prefs=ALL-UNNAMED --add-opens=java.prefs/java.util.prefs=ALL-UNNAMED --add-opens=java.base/java.nio.charset=ALL-UNNAMED --add-opens=java.base/java.net=ALL-UNNAMED --add-opens=java.base/java.util.concurrent.atomic=ALL-UNNAMED -Xmx2048m -Dfile.encoding=UTF-8 -Duser.country=GB -Duser.language=en -Duser.variant 
java_command: org.gradle.launcher.daemon.bootstrap.GradleDaemon 7.3.3
java_class_path (initial): C:\Users\Mohamed\.gradle\wrapper\dists\gradle-7.3.3-bin\6a41zxkdtcxs8rphpq6y0069z\gradle-7.3.3\lib\gradle-launcher-7.3.3.jar
Launcher Type: SUN_STANDARD

[Global flags]
     intx CICompilerCount                          = 3                                         {product} {ergonomic}
     uint ConcGCThreads                            = 1                                         {product} {ergonomic}
     uint G1ConcRefinementThreads                  = 4                                         {product} {ergonomic}
   size_t G1HeapRegionSize                         = 1048576                                   {product} {ergonomic}
    uintx GCDrainStackTargetSize                   = 64                                        {product} {ergonomic}
   size_t InitialHeapSize                          = 266338304                                 {product} {ergonomic}
   size_t MarkStackSize                            = 4194304                                   {product} {ergonomic}
   size_t MaxHeapSize                              = 2147483648                                {product} {command line}
   size_t MaxNewSize                               = 1287651328                                {product} {ergonomic}
   size_t MinHeapDeltaBytes                        = 1048576                                   {product} {ergonomic}
    uintx NonNMethodCodeHeapSize                   = 5830732                                {pd product} {ergonomic}
    uintx NonProfiledCodeHeapSize                  = 122913754                              {pd product} {ergonomic}
    uintx ProfiledCodeHeapSize                     = 122913754                              {pd product} {ergonomic}
    uintx ReservedCodeCacheSize                    = 251658240                              {pd product} {ergonomic}
     bool SegmentedCodeCache                       = true                                      {product} {ergonomic}
     bool UseCompressedClassPointers               = true                                 {lp64_product} {ergonomic}
     bool UseCompressedOops                        = true                                 {lp64_product} {ergonomic}
     bool UseG1GC                                  = true                                      {product} {ergonomic}
     bool UseLargePagesIndividualAllocation        = false                                  {pd product} {ergonomic}

Logging:
Log output configuration:
 #0: stdout all=warning uptime,level,tags
 #1: stderr all=off uptime,level,tags

Environment Variables:
PATH=C:\Program Files\Common Files\Oracle\Java\javapath;C:\Windows\system32;C:\Windows;C:\Windows\System32\Wbem;C:\Windows\System32\WindowsPowerShell\v1.0\;C:\Windows\System32\OpenSSH\;C:\Program Files (x86)\NVIDIA Corporation\PhysX\Common;C:\Program Files\Git\cmd;C:\Users\Mohamed\AppData\Local\Programs\Python\Python310\Scripts\;C:\Users\Mohamed\AppData\Local\Programs\Python\Python310\;C:\Users\Mohamed\AppData\Local\Microsoft\WindowsApps;C:\Program Files\JetBrains\IntelliJ IDEA Community Edition 2021.3.1\bin;;C:\Users\Mohamed\AppData\Local\Programs\Microsoft VS Code\bin;C:\MinGW\bin;
USERNAME=Mohamed
OS=Windows_NT
PROCESSOR_IDENTIFIER=Intel64 Family 6 Model 78 Stepping 3, GenuineIntel



---------------  S Y S T E M  ---------------

OS: Windows 10 , 64 bit Build 19041 (10.0.19041.1889)
OS uptime: 10 days 10:41 hours

CPU:total 4 (initial active 4) (2 cores per cpu, 2 threads per core) family 6 model 78 stepping 3 microcode 0xcc, cmov, cx8, fxsr, mmx, sse, sse2, sse3, ssse3, sse4.1, sse4.2, popcnt, avx, avx2, aes, clmul, erms, 3dnowpref, lzcnt, ht, tsc, tscinvbit, bmi1, bmi2, adx, fma

Memory: 4k page, system-wide physical 16222M (97M free)
TotalPageFile size 44764M (AvailPageFile size 0M)
current process WorkingSet (physical memory assigned to process): 160M, peak: 160M
current process commit charge ("private bytes"): 379M, peak: 380M

vm_info: OpenJDK 64-Bit Server VM (11.0.12+7-b1504.28-7817840) for windows-amd64 JRE (11.0.12+7-b1504.28-7817840), built on Oct 13 2021 22:12:33 by "builder" with MS VC++ 14.0 (VS2015)

END.
